{"level":"info","message":"Server started on port: 3001!","timestamp":"2021-10-22 13:07:21"}
{"level":"info","message":"Environment:development","timestamp":"2021-10-22 13:07:21"}
{"level":"info","message":"Static path: D:\\projects\\stationfive\\dev\\test-server\\public","timestamp":"2021-10-22 13:07:21"}
{"level":"info","message":"Server started on port: 3001!","timestamp":"2021-10-22 13:08:43"}
{"level":"info","message":"Environment:development","timestamp":"2021-10-22 13:08:43"}
{"level":"info","message":"Static path: D:\\projects\\stationfive\\dev\\test-server\\public","timestamp":"2021-10-22 13:08:43"}
{"level":"info","message":"Server started on port: 3001!","timestamp":"2021-10-22 14:03:17"}
{"level":"info","message":"Environment:development","timestamp":"2021-10-22 14:03:17"}
{"level":"info","message":"Static path: D:\\projects\\stationfive\\dev\\test-server\\public","timestamp":"2021-10-22 14:03:17"}
{"level":"info","message":"Server started on port: 3001!","timestamp":"2021-10-22 14:19:24"}
{"level":"info","message":"Environment:development","timestamp":"2021-10-22 14:19:24"}
{"level":"info","message":"Static path: D:\\projects\\stationfive\\dev\\test-server\\public","timestamp":"2021-10-22 14:19:24"}
{"level":"info","message":"Server started on port: 3001!","timestamp":"2021-10-22 14:28:44"}
{"level":"info","message":"Environment:development","timestamp":"2021-10-22 14:28:44"}
{"level":"info","message":"Static path: D:\\projects\\stationfive\\dev\\test-server\\public","timestamp":"2021-10-22 14:28:44"}
{"level":"info","message":"Server started on port: 3001!","timestamp":"2021-10-22 14:33:47"}
{"level":"info","message":"Environment:development","timestamp":"2021-10-22 14:33:47"}
{"level":"info","message":"Static path: D:\\projects\\stationfive\\dev\\test-server\\public","timestamp":"2021-10-22 14:33:47"}
{"level":"info","message":"D:\\projects\\stationfive\\dev\\test-server\\src\\public\\1.pdf","timestamp":"2021-10-22 14:34:03"}
{"level":"info","message":"Server started on port: 3001!","timestamp":"2021-10-22 14:34:49"}
{"level":"info","message":"Environment:development","timestamp":"2021-10-22 14:34:49"}
{"level":"info","message":"Static path: D:\\projects\\stationfive\\dev\\test-server\\public","timestamp":"2021-10-22 14:34:49"}
{"level":"info","message":"D:\\projects\\stationfive\\dev\\test-server\\src\\public\\1.pdf","timestamp":"2021-10-22 14:34:49"}
{"level":"info","message":"Server started on port: 3001!","timestamp":"2021-10-22 14:37:29"}
{"level":"info","message":"Environment:development","timestamp":"2021-10-22 14:37:29"}
{"level":"info","message":"Static path: D:\\projects\\stationfive\\dev\\test-server\\public","timestamp":"2021-10-22 14:37:29"}
{"level":"info","message":"D:\\projects\\stationfive\\dev\\test-server\\src\\public\\1.pdf","timestamp":"2021-10-22 14:37:35"}
{"level":"info","message":"Server started on port: 3001!","timestamp":"2021-10-22 14:41:57"}
{"level":"info","message":"Environment:development","timestamp":"2021-10-22 14:41:57"}
{"level":"info","message":"Static path: D:\\projects\\stationfive\\dev\\test-server\\public","timestamp":"2021-10-22 14:41:57"}
{"level":"info","message":"Server started on port: 3001!","timestamp":"2021-10-22 14:42:26"}
{"level":"info","message":"Environment:development","timestamp":"2021-10-22 14:42:26"}
{"level":"info","message":"Static path: D:\\projects\\stationfive\\dev\\test-server\\public","timestamp":"2021-10-22 14:42:26"}
{"level":"info","message":"D:\\projects\\stationfive\\dev\\test-server\\src\\public\\1.pdf","timestamp":"2021-10-22 14:42:32"}
{"level":"info","message":"Server started on port: 3001!","timestamp":"2021-10-22 14:42:49"}
{"level":"info","message":"Environment:development","timestamp":"2021-10-22 14:42:49"}
{"level":"info","message":"Static path: D:\\projects\\stationfive\\dev\\test-server\\public","timestamp":"2021-10-22 14:42:49"}
{"level":"info","message":"D:\\projects\\stationfive\\dev\\test-server\\src\\public\\1.pdf","timestamp":"2021-10-22 14:42:50"}
{"level":"info","message":"D:\\projects\\stationfive\\dev\\test-server\\src\\public\\1.pdf","timestamp":"2021-10-22 14:42:50"}
{"level":"info","message":"Server started on port: 3001!","timestamp":"2021-10-22 14:44:31"}
{"level":"info","message":"Environment:development","timestamp":"2021-10-22 14:44:31"}
{"level":"info","message":"Static path: D:\\projects\\stationfive\\dev\\test-server\\public","timestamp":"2021-10-22 14:44:31"}
{"level":"info","message":"D:\\projects\\stationfive\\dev\\test-server\\src\\public\\1.pdf","timestamp":"2021-10-22 14:44:31"}
{"level":"info","message":"D:\\projects\\stationfive\\dev\\test-server\\src\\public\\1.pdf","timestamp":"2021-10-22 14:44:33"}
{"level":"info","message":"D:\\projects\\stationfive\\dev\\test-server\\src\\public\\1.pdf","timestamp":"2021-10-22 14:44:34"}
{"level":"info","message":"Server started on port: 3001!","timestamp":"2021-10-22 14:45:07"}
{"level":"info","message":"Environment:development","timestamp":"2021-10-22 14:45:07"}
{"level":"info","message":"Static path: D:\\projects\\stationfive\\dev\\test-server\\public","timestamp":"2021-10-22 14:45:07"}
{"level":"info","message":"D:\\projects\\stationfive\\dev\\test-server\\src\\public\\1.pdf","timestamp":"2021-10-22 14:45:07"}
{"level":"info","message":"Server started on port: 3001!","timestamp":"2021-10-22 14:45:27"}
{"level":"info","message":"Environment:development","timestamp":"2021-10-22 14:45:27"}
{"level":"info","message":"Static path: D:\\projects\\stationfive\\dev\\test-server\\public","timestamp":"2021-10-22 14:45:27"}
{"level":"info","message":"D:\\projects\\stationfive\\dev\\test-server\\src\\public\\1.pdf","timestamp":"2021-10-22 14:45:28"}
{"level":"info","message":"Server started on port: 3001!","timestamp":"2021-10-22 14:46:32"}
{"level":"info","message":"Environment:development","timestamp":"2021-10-22 14:46:32"}
{"level":"info","message":"Static path: D:\\projects\\stationfive\\dev\\test-server\\public","timestamp":"2021-10-22 14:46:32"}
{"level":"info","message":"D:\\projects\\stationfive\\dev\\test-server\\src\\public\\1.pdf","timestamp":"2021-10-22 14:46:32"}
{"level":"info","message":"Server started on port: 3001!","timestamp":"2021-10-22 14:46:42"}
{"level":"info","message":"Environment:development","timestamp":"2021-10-22 14:46:42"}
{"level":"info","message":"Static path: D:\\projects\\stationfive\\dev\\test-server\\public","timestamp":"2021-10-22 14:46:42"}
{"level":"info","message":"D:\\projects\\stationfive\\dev\\test-server\\src\\public\\1.pdf","timestamp":"2021-10-22 14:46:42"}
{"level":"info","message":"Server started on port: 3001!","timestamp":"2021-10-22 14:47:20"}
{"level":"info","message":"Environment:development","timestamp":"2021-10-22 14:47:20"}
{"level":"info","message":"Static path: D:\\projects\\stationfive\\dev\\test-server\\public","timestamp":"2021-10-22 14:47:20"}
{"level":"info","message":"D:\\projects\\stationfive\\dev\\test-server\\public\\1.pdf","timestamp":"2021-10-22 14:47:21"}
{"level":"info","message":"Server started on port: 3001!","timestamp":"2021-10-22 14:48:00"}
{"level":"info","message":"Environment:development","timestamp":"2021-10-22 14:48:00"}
{"level":"info","message":"Static path: D:\\projects\\stationfive\\dev\\test-server\\public","timestamp":"2021-10-22 14:48:00"}
{"level":"info","message":"Server started on port: 3001!","timestamp":"2021-10-22 14:48:04"}
{"level":"info","message":"Environment:development","timestamp":"2021-10-22 14:48:04"}
{"level":"info","message":"Static path: D:\\projects\\stationfive\\dev\\test-server\\public","timestamp":"2021-10-22 14:48:04"}
{"level":"info","message":"D:\\projects\\stationfive\\dev\\test-server\\public\\1.pdf","timestamp":"2021-10-22 14:48:04"}
{"level":"info","message":"Server started on port: 3001!","timestamp":"2021-10-22 14:48:17"}
{"level":"info","message":"Environment:development","timestamp":"2021-10-22 14:48:17"}
{"level":"info","message":"Static path: D:\\projects\\stationfive\\dev\\test-server\\public","timestamp":"2021-10-22 14:48:17"}
{"level":"info","message":"D:\\projects\\stationfive\\dev\\test-server\\public\\1.pdf","timestamp":"2021-10-22 14:48:18"}
{"level":"info","message":"Server started on port: 3001!","timestamp":"2021-10-22 14:48:25"}
{"level":"info","message":"Environment:development","timestamp":"2021-10-22 14:48:25"}
{"level":"info","message":"Static path: D:\\projects\\stationfive\\dev\\test-server\\public","timestamp":"2021-10-22 14:48:25"}
{"level":"info","message":"D:\\projects\\stationfive\\dev\\test-server\\public\\1.pdf","timestamp":"2021-10-22 14:48:27"}
{"level":"info","message":"Server started on port: 3001!","timestamp":"2021-10-22 14:49:40"}
{"level":"info","message":"Environment:development","timestamp":"2021-10-22 14:49:40"}
{"level":"info","message":"Static path: D:\\projects\\stationfive\\dev\\test-server\\public","timestamp":"2021-10-22 14:49:40"}
{"level":"info","message":"Server started on port: 3001!","timestamp":"2021-10-22 14:49:54"}
{"level":"info","message":"Environment:development","timestamp":"2021-10-22 14:49:54"}
{"level":"info","message":"Static path: D:\\projects\\stationfive\\dev\\test-server\\public","timestamp":"2021-10-22 14:49:54"}
{"level":"info","message":"D:\\projects\\stationfive\\dev\\test-server\\public\\1.pdf","timestamp":"2021-10-22 14:49:59"}
{"level":"error","message":"write EPIPE","timestamp":"2021-10-22 14:49:59"}
{"level":"info","message":"Server started on port: 3001!","timestamp":"2021-10-22 14:51:07"}
{"level":"info","message":"Environment:development","timestamp":"2021-10-22 14:51:07"}
{"level":"info","message":"Static path: D:\\projects\\stationfive\\dev\\test-server\\public","timestamp":"2021-10-22 14:51:07"}
{"level":"info","message":"D:\\projects\\stationfive\\dev\\test-server\\public\\1.pdf","timestamp":"2021-10-22 14:51:11"}
{"level":"error","message":"write EPIPE","timestamp":"2021-10-22 14:51:12"}
{"level":"info","message":"Server started on port: 3001!","timestamp":"2021-10-22 15:30:31"}
{"level":"info","message":"Environment:development","timestamp":"2021-10-22 15:30:31"}
{"level":"info","message":"Static path: D:\\projects\\stationfive\\dev\\test-server\\public","timestamp":"2021-10-22 15:30:31"}
{"level":"info","message":"D:\\projects\\stationfive\\dev\\test-server\\public\\1.pdf","timestamp":"2021-10-22 15:34:36"}
{"level":"error","message":"Could not execute GraphicsMagick/ImageMagick: gm \"convert\" \"-density\" \"100x100\" \"-quality\" \"75\" \"-[0]\" \"-resize\" \"600x600!\" \"-compress\" \"jpeg\" \"D:\\projects\\stationfive\\dev\\test-server\\public\\/1_image.1.png\" this most likely means the gm/convert binaries can't be found","timestamp":"2021-10-22 15:34:36"}
{"level":"info","message":"Server started on port: 3001!","timestamp":"2021-10-22 15:36:53"}
{"level":"info","message":"Environment:development","timestamp":"2021-10-22 15:36:53"}
{"level":"info","message":"Static path: D:\\projects\\stationfive\\dev\\test-server\\public","timestamp":"2021-10-22 15:36:53"}
{"level":"info","message":"D:\\projects\\stationfive\\dev\\test-server\\public\\1.pdf","timestamp":"2021-10-22 15:37:00"}
{"level":"error","message":"Could not execute GraphicsMagick/ImageMagick: gm \"convert\" \"-density\" \"100x100\" \"-quality\" \"75\" \"-[0]\" \"-resize\" \"600x600!\" \"-compress\" \"jpeg\" \"D:\\projects\\stationfive\\dev\\test-server\\public\\/1_image.1.png\" this most likely means the gm/convert binaries can't be found","timestamp":"2021-10-22 15:37:00"}
{"level":"info","message":"D:\\projects\\stationfive\\dev\\test-server\\public\\1.pdf","timestamp":"2021-10-22 15:37:09"}
{"level":"error","message":"write EPIPE","timestamp":"2021-10-22 15:37:09"}
{"level":"info","message":"D:\\projects\\stationfive\\dev\\test-server\\public\\1.pdf","timestamp":"2021-10-22 15:37:41"}
{"level":"error","message":"write EPIPE","timestamp":"2021-10-22 15:37:41"}
{"level":"info","message":"D:\\projects\\stationfive\\dev\\test-server\\public\\1.pdf","timestamp":"2021-10-22 15:37:42"}
{"level":"error","message":"write EPIPE","timestamp":"2021-10-22 15:37:42"}
{"level":"info","message":"D:\\projects\\stationfive\\dev\\test-server\\public\\1.pdf","timestamp":"2021-10-22 15:37:43"}
{"level":"error","message":"write EPIPE","timestamp":"2021-10-22 15:37:43"}
{"level":"info","message":"Server started on port: 3001!","timestamp":"2021-10-22 15:37:53"}
{"level":"info","message":"Environment:development","timestamp":"2021-10-22 15:37:53"}
{"level":"info","message":"Static path: D:\\projects\\stationfive\\dev\\test-server\\public","timestamp":"2021-10-22 15:37:53"}
{"level":"info","message":"D:\\projects\\stationfive\\dev\\test-server\\public\\1.pdf","timestamp":"2021-10-22 15:37:58"}
{"level":"error","message":"write EPIPE","timestamp":"2021-10-22 15:37:59"}
{"level":"info","message":"Server started on port: 3001!","timestamp":"2021-10-22 15:38:48"}
{"level":"info","message":"Environment:development","timestamp":"2021-10-22 15:38:48"}
{"level":"info","message":"Static path: D:\\projects\\stationfive\\dev\\test-server\\public","timestamp":"2021-10-22 15:38:48"}
{"level":"info","message":"D:\\projects\\stationfive\\dev\\test-server\\public\\1.pdf","timestamp":"2021-10-22 15:39:09"}
{"level":"error","message":"write EPIPE","timestamp":"2021-10-22 15:39:09"}
{"level":"info","message":"Server started on port: 3001!","timestamp":"2021-10-22 19:25:58"}
{"level":"info","message":"Environment:development","timestamp":"2021-10-22 19:25:58"}
{"level":"info","message":"Static path: D:\\projects\\stationfive\\dev\\test-server\\public","timestamp":"2021-10-22 19:25:58"}
{"level":"info","message":"D:\\projects\\stationfive\\dev\\test-server\\public\\1.pdf","timestamp":"2021-10-22 19:26:02"}
{"level":"error","message":"write EPIPE","timestamp":"2021-10-22 19:26:02"}
{"level":"info","message":"Server started on port: 3001!","timestamp":"2021-10-25 09:46:17"}
{"level":"info","message":"Environment:development","timestamp":"2021-10-25 09:46:17"}
{"level":"info","message":"Static path: D:\\projects\\stationfive\\dev\\test-server\\public","timestamp":"2021-10-25 09:46:17"}
{"level":"info","message":"D:\\projects\\stationfive\\dev\\test-server\\public\\1.pdf","timestamp":"2021-10-25 09:47:11"}
{"level":"error","message":"Could not execute GraphicsMagick/ImageMagick: gm \"convert\" \"-density\" \"100x100\" \"-quality\" \"75\" \"-[0]\" \"-resize\" \"600x600!\" \"-compress\" \"jpeg\" \"D:\\projects\\stationfive\\dev\\test-server\\public\\/1_image.1.png\" this most likely means the gm/convert binaries can't be found","timestamp":"2021-10-25 09:47:11"}
{"level":"info","message":"D:\\projects\\stationfive\\dev\\test-server\\public\\1.pdf","timestamp":"2021-10-25 09:49:57"}
{"level":"error","message":"Could not execute GraphicsMagick/ImageMagick: gm \"convert\" \"-density\" \"100x100\" \"-quality\" \"75\" \"-[0]\" \"-resize\" \"600x600!\" \"-compress\" \"jpeg\" \"D:\\projects\\stationfive\\dev\\test-server\\public\\/1_image.1.png\" this most likely means the gm/convert binaries can't be found","timestamp":"2021-10-25 09:49:57"}
{"level":"info","message":"D:\\projects\\stationfive\\dev\\test-server\\public\\1.pdf","timestamp":"2021-10-25 09:55:48"}
{"level":"error","message":"write EPIPE","timestamp":"2021-10-25 09:55:48"}
{"level":"info","message":"D:\\projects\\stationfive\\dev\\test-server\\public\\1.pdf","timestamp":"2021-10-25 09:55:51"}
{"level":"error","message":"write EPIPE","timestamp":"2021-10-25 09:55:51"}
{"level":"info","message":"D:\\projects\\stationfive\\dev\\test-server\\public\\1.pdf","timestamp":"2021-10-25 09:55:58"}
{"level":"error","message":"write EPIPE","timestamp":"2021-10-25 09:55:59"}
{"level":"info","message":"Server started on port: 3001!","timestamp":"2021-10-25 09:56:06"}
{"level":"info","message":"Environment:development","timestamp":"2021-10-25 09:56:06"}
{"level":"info","message":"Static path: D:\\projects\\stationfive\\dev\\test-server\\public","timestamp":"2021-10-25 09:56:06"}
{"level":"info","message":"D:\\projects\\stationfive\\dev\\test-server\\public\\1.pdf","timestamp":"2021-10-25 09:56:11"}
{"level":"error","message":"write EPIPE","timestamp":"2021-10-25 09:56:11"}
{"level":"info","message":"Server started on port: 3001!","timestamp":"2021-10-25 09:57:53"}
{"level":"info","message":"Environment:development","timestamp":"2021-10-25 09:57:53"}
{"level":"info","message":"Static path: D:\\projects\\stationfive\\dev\\test-server\\public","timestamp":"2021-10-25 09:57:53"}
{"level":"info","message":"D:\\projects\\stationfive\\dev\\test-server\\public\\1.pdf","timestamp":"2021-10-25 09:57:58"}
{"level":"error","message":"write EPIPE","timestamp":"2021-10-25 09:57:58"}
{"level":"info","message":"Server started on port: 3001!","timestamp":"2021-10-25 10:13:40"}
{"level":"info","message":"Environment:development","timestamp":"2021-10-25 10:13:40"}
{"level":"info","message":"Static path: D:\\projects\\stationfive\\dev\\test-server\\public","timestamp":"2021-10-25 10:13:40"}
{"level":"info","message":"D:\\projects\\stationfive\\dev\\test-server\\public\\1.pdf","timestamp":"2021-10-25 10:13:56"}
{"level":"error","message":"Could not execute GraphicsMagick/ImageMagick: gm \"convert\" \"-density\" \"100x100\" \"-quality\" \"75\" \"-[0]\" \"-resize\" \"600x600!\" \"-compress\" \"jpeg\" \"D:\\projects\\stationfive\\dev\\test-server\\public\\/1_image.1.png\" this most likely means the gm/convert binaries can't be found","timestamp":"2021-10-25 10:13:56"}
{"level":"info","message":"Server started on port: 3001!","timestamp":"2021-10-25 10:14:47"}
{"level":"info","message":"Environment:development","timestamp":"2021-10-25 10:14:47"}
{"level":"info","message":"Static path: D:\\projects\\stationfive\\dev\\test-server\\public","timestamp":"2021-10-25 10:14:47"}
{"level":"info","message":"D:\\projects\\stationfive\\dev\\test-server\\public\\1.pdf","timestamp":"2021-10-25 10:14:49"}
{"level":"error","message":"Could not execute GraphicsMagick/ImageMagick: gm \"convert\" \"-density\" \"100x100\" \"-quality\" \"75\" \"-[0]\" \"-resize\" \"600x600!\" \"-compress\" \"jpeg\" \"D:\\projects\\stationfive\\dev\\test-server\\public\\/1_image.1.png\" this most likely means the gm/convert binaries can't be found","timestamp":"2021-10-25 10:14:49"}
{"level":"info","message":"Server started on port: 3001!","timestamp":"2021-10-25 10:32:08"}
{"level":"info","message":"Environment:development","timestamp":"2021-10-25 10:32:08"}
{"level":"info","message":"Static path: D:\\projects\\stationfive\\dev\\test-server\\public","timestamp":"2021-10-25 10:32:08"}
